<?xml version="1.0" encoding="UTF-8"?>
<!-- Generated by org.testng.reporters.JUnitReportReporter -->
<testsuite hostname="ECS-22f0b910" name="com.jh.seleniumpom.testcases.BlogTest" tests="1" failures="0" timestamp="24 Aug 2016 07:34:57 GMT" time="9.654" errors="0">
  <testcase name="googleCheeseExample" time="9.654" classname="com.jh.seleniumpom.testcases.BlogTest"/>
</testsuite> <!-- com.jh.seleniumpom.testcases.BlogTest -->
