<?xml version="1.0" encoding="UTF-8"?>
<!-- Generated by org.testng.reporters.JUnitReportReporter -->
<testsuite hostname="ECS-22f0b910" name="com.jh.seleniumpom.testcases.JenkinsTestLogin" tests="2" failures="0" timestamp="7 Sep 2016 10:36:37 GMT" time="7.687" errors="0">
  <testcase name="JenkinsTestMapuserLogin" time="2.167" classname="com.jh.seleniumpom.testcases.JenkinsTestLogin"/>
  <testcase name="JenkinsTestErrLogin" time="5.520" classname="com.jh.seleniumpom.testcases.JenkinsTestLogin"/>
</testsuite> <!-- com.jh.seleniumpom.testcases.JenkinsTestLogin -->
